\BOOKMARK [1][-]{section.1}{Introduzione}{}% 1
\BOOKMARK [1][-]{section.2}{Obiettivo}{}% 2
\BOOKMARK [1][-]{section.3}{Requisiti funzionali}{}% 3
\BOOKMARK [1][-]{section.4}{Tecnologia utilizzata}{}% 4
\BOOKMARK [2][-]{subsection.4.1}{Front end}{section.4}% 5
\BOOKMARK [3][-]{subsubsection.4.1.1}{Linguaggi}{subsection.4.1}% 6
\BOOKMARK [2][-]{subsection.4.2}{Back end}{section.4}% 7
\BOOKMARK [3][-]{subsubsection.4.2.1}{Linguaggi}{subsection.4.2}% 8
\BOOKMARK [3][-]{subsubsection.4.2.2}{Hosting}{subsection.4.2}% 9
\BOOKMARK [2][-]{subsection.4.3}{Database}{section.4}% 10
\BOOKMARK [3][-]{subsubsection.4.3.1}{Users}{subsection.4.3}% 11
\BOOKMARK [3][-]{subsubsection.4.3.2}{Club}{subsection.4.3}% 12
\BOOKMARK [3][-]{subsubsection.4.3.3}{Club Ranking}{subsection.4.3}% 13
\BOOKMARK [3][-]{subsubsection.4.3.4}{User images}{subsection.4.3}% 14
\BOOKMARK [3][-]{subsubsection.4.3.5}{Tournament}{subsection.4.3}% 15
\BOOKMARK [3][-]{subsubsection.4.3.6}{Participant}{subsection.4.3}% 16
\BOOKMARK [3][-]{subsubsection.4.3.7}{Friendship}{subsection.4.3}% 17
\BOOKMARK [3][-]{subsubsection.4.3.8}{Friend Request}{subsection.4.3}% 18
\BOOKMARK [3][-]{subsubsection.4.3.9}{Club member}{subsection.4.3}% 19
\BOOKMARK [1][-]{section.5}{Use cases}{}% 20
\BOOKMARK [1][-]{section.6}{UX user experience}{}% 21
\BOOKMARK [2][-]{subsection.6.1}{ Navigazione delle pagine }{section.6}% 22
\BOOKMARK [2][-]{subsection.6.2}{Sign up}{section.6}% 23
\BOOKMARK [2][-]{subsection.6.3}{Login}{section.6}% 24
\BOOKMARK [2][-]{subsection.6.4}{Homepage}{section.6}% 25
\BOOKMARK [2][-]{subsection.6.5}{Navbar}{section.6}% 26
\BOOKMARK [2][-]{subsection.6.6}{MyProfile}{section.6}% 27
\BOOKMARK [1][-]{section.7}{Workflow}{}% 28
