This is pdfTeX, Version 3.14159265-2.6-1.40.19 (TeX Live 2018) (preloaded format=pdflatex 2018.5.21)  16 JUN 2018 20:46
entering extended mode
 restricted \write18 enabled.
 file:line:error style messages enabled.
 %&-line parsing enabled.
**/Applications/MAMP/htdocs/badminton/docs/documentazione.tex
(/Applications/MAMP/htdocs/badminton/docs/documentazione.tex
LaTeX2e <2018-04-01> patch level 2
Babel <3.18> and hyphenation patterns for 84 language(s) loaded.
(/usr/local/texlive/2018/texmf-dist/tex/latex/base/article.cls
Document Class: article 2014/09/29 v1.4h Standard LaTeX document class
(/usr/local/texlive/2018/texmf-dist/tex/latex/base/size10.clo
File: size10.clo 2014/09/29 v1.4h Standard LaTeX file (size option)
)
\c@part=\count80
\c@section=\count81
\c@subsection=\count82
\c@subsubsection=\count83
\c@paragraph=\count84
\c@subparagraph=\count85
\c@figure=\count86
\c@table=\count87
\abovecaptionskip=\skip41
\belowcaptionskip=\skip42
\bibindent=\dimen102
)
(/usr/local/texlive/2018/texmf-dist/tex/latex/float/float.sty
Package: float 2001/11/08 v1.3d Float enhancements (AL)
\c@float@type=\count88
\float@exts=\toks14
\float@box=\box26
\@float@everytoks=\toks15
\@floatcapt=\box27
)
(/usr/local/texlive/2018/texmf-dist/tex/latex/base/textcomp.sty
Package: textcomp 2017/04/05 v2.0i Standard LaTeX package
Package textcomp Info: Sub-encoding information:
(textcomp)               5 = only ISO-Adobe without \textcurrency
(textcomp)               4 = 5 + \texteuro
(textcomp)               3 = 4 + \textohm
(textcomp)               2 = 3 + \textestimated + \textcurrency
(textcomp)               1 = TS1 - \textcircled - \t
(textcomp)               0 = TS1 (full)
(textcomp)             Font families with sub-encoding setting implement
(textcomp)             only a restricted character set as indicated.
(textcomp)             Family '?' is the default used for unknown fonts.
(textcomp)             See the documentation for details.
Package textcomp Info: Setting ? sub-encoding to TS1/1 on input line 79.

(/usr/local/texlive/2018/texmf-dist/tex/latex/base/ts1enc.def
File: ts1enc.def 2001/06/05 v3.0e (jk/car/fm) Standard LaTeX file
Now handling font encoding TS1 ...
... processing UTF-8 mapping file for font encoding TS1

(/usr/local/texlive/2018/texmf-dist/tex/latex/base/ts1enc.dfu
File: ts1enc.dfu 2018/04/05 v1.2c UTF-8 support for inputenc
   defining Unicode char U+00A2 (decimal 162)
   defining Unicode char U+00A3 (decimal 163)
   defining Unicode char U+00A4 (decimal 164)
   defining Unicode char U+00A5 (decimal 165)
   defining Unicode char U+00A6 (decimal 166)
   defining Unicode char U+00A7 (decimal 167)
   defining Unicode char U+00A8 (decimal 168)
   defining Unicode char U+00A9 (decimal 169)
   defining Unicode char U+00AA (decimal 170)
   defining Unicode char U+00AC (decimal 172)
   defining Unicode char U+00AE (decimal 174)
   defining Unicode char U+00AF (decimal 175)
   defining Unicode char U+00B0 (decimal 176)
   defining Unicode char U+00B1 (decimal 177)
   defining Unicode char U+00B2 (decimal 178)
   defining Unicode char U+00B3 (decimal 179)
   defining Unicode char U+00B4 (decimal 180)
   defining Unicode char U+00B5 (decimal 181)
   defining Unicode char U+00B6 (decimal 182)
   defining Unicode char U+00B7 (decimal 183)
   defining Unicode char U+00B9 (decimal 185)
   defining Unicode char U+00BA (decimal 186)
   defining Unicode char U+00BC (decimal 188)
   defining Unicode char U+00BD (decimal 189)
   defining Unicode char U+00BE (decimal 190)
   defining Unicode char U+00D7 (decimal 215)
   defining Unicode char U+00F7 (decimal 247)
   defining Unicode char U+0192 (decimal 402)
   defining Unicode char U+02C7 (decimal 711)
   defining Unicode char U+02D8 (decimal 728)
   defining Unicode char U+02DD (decimal 733)
   defining Unicode char U+0E3F (decimal 3647)
   defining Unicode char U+2016 (decimal 8214)
   defining Unicode char U+2020 (decimal 8224)
   defining Unicode char U+2021 (decimal 8225)
   defining Unicode char U+2022 (decimal 8226)
   defining Unicode char U+2030 (decimal 8240)
   defining Unicode char U+2031 (decimal 8241)
   defining Unicode char U+203B (decimal 8251)
   defining Unicode char U+203D (decimal 8253)
   defining Unicode char U+2044 (decimal 8260)
   defining Unicode char U+204E (decimal 8270)
   defining Unicode char U+2052 (decimal 8274)
   defining Unicode char U+20A1 (decimal 8353)
   defining Unicode char U+20A4 (decimal 8356)
   defining Unicode char U+20A6 (decimal 8358)
   defining Unicode char U+20A9 (decimal 8361)
   defining Unicode char U+20AB (decimal 8363)
   defining Unicode char U+20AC (decimal 8364)
   defining Unicode char U+20B1 (decimal 8369)
   defining Unicode char U+2103 (decimal 8451)
   defining Unicode char U+2116 (decimal 8470)
   defining Unicode char U+2117 (decimal 8471)
   defining Unicode char U+211E (decimal 8478)
   defining Unicode char U+2120 (decimal 8480)
   defining Unicode char U+2122 (decimal 8482)
   defining Unicode char U+2126 (decimal 8486)
   defining Unicode char U+2127 (decimal 8487)
   defining Unicode char U+212E (decimal 8494)
   defining Unicode char U+2190 (decimal 8592)
   defining Unicode char U+2191 (decimal 8593)
   defining Unicode char U+2192 (decimal 8594)
   defining Unicode char U+2193 (decimal 8595)
   defining Unicode char U+2329 (decimal 9001)
   defining Unicode char U+232A (decimal 9002)
   defining Unicode char U+2422 (decimal 9250)
   defining Unicode char U+25E6 (decimal 9702)
   defining Unicode char U+25EF (decimal 9711)
   defining Unicode char U+266A (decimal 9834)
   defining Unicode char U+FEFF (decimal 65279)
))
LaTeX Info: Redefining \oldstylenums on input line 334.
Package textcomp Info: Setting cmr sub-encoding to TS1/0 on input line 349.
Package textcomp Info: Setting cmss sub-encoding to TS1/0 on input line 350.
Package textcomp Info: Setting cmtt sub-encoding to TS1/0 on input line 351.
Package textcomp Info: Setting cmvtt sub-encoding to TS1/0 on input line 352.
Package textcomp Info: Setting cmbr sub-encoding to TS1/0 on input line 353.
Package textcomp Info: Setting cmtl sub-encoding to TS1/0 on input line 354.
Package textcomp Info: Setting ccr sub-encoding to TS1/0 on input line 355.
Package textcomp Info: Setting ptm sub-encoding to TS1/4 on input line 356.
Package textcomp Info: Setting pcr sub-encoding to TS1/4 on input line 357.
Package textcomp Info: Setting phv sub-encoding to TS1/4 on input line 358.
Package textcomp Info: Setting ppl sub-encoding to TS1/3 on input line 359.
Package textcomp Info: Setting pag sub-encoding to TS1/4 on input line 360.
Package textcomp Info: Setting pbk sub-encoding to TS1/4 on input line 361.
Package textcomp Info: Setting pnc sub-encoding to TS1/4 on input line 362.
Package textcomp Info: Setting pzc sub-encoding to TS1/4 on input line 363.
Package textcomp Info: Setting bch sub-encoding to TS1/4 on input line 364.
Package textcomp Info: Setting put sub-encoding to TS1/5 on input line 365.
Package textcomp Info: Setting uag sub-encoding to TS1/5 on input line 366.
Package textcomp Info: Setting ugq sub-encoding to TS1/5 on input line 367.
Package textcomp Info: Setting ul8 sub-encoding to TS1/4 on input line 368.
Package textcomp Info: Setting ul9 sub-encoding to TS1/4 on input line 369.
Package textcomp Info: Setting augie sub-encoding to TS1/5 on input line 370.
Package textcomp Info: Setting dayrom sub-encoding to TS1/3 on input line 371.
Package textcomp Info: Setting dayroms sub-encoding to TS1/3 on input line 372.

Package textcomp Info: Setting pxr sub-encoding to TS1/0 on input line 373.
Package textcomp Info: Setting pxss sub-encoding to TS1/0 on input line 374.
Package textcomp Info: Setting pxtt sub-encoding to TS1/0 on input line 375.
Package textcomp Info: Setting txr sub-encoding to TS1/0 on input line 376.
Package textcomp Info: Setting txss sub-encoding to TS1/0 on input line 377.
Package textcomp Info: Setting txtt sub-encoding to TS1/0 on input line 378.
Package textcomp Info: Setting lmr sub-encoding to TS1/0 on input line 379.
Package textcomp Info: Setting lmdh sub-encoding to TS1/0 on input line 380.
Package textcomp Info: Setting lmss sub-encoding to TS1/0 on input line 381.
Package textcomp Info: Setting lmssq sub-encoding to TS1/0 on input line 382.
Package textcomp Info: Setting lmvtt sub-encoding to TS1/0 on input line 383.
Package textcomp Info: Setting lmtt sub-encoding to TS1/0 on input line 384.
Package textcomp Info: Setting qhv sub-encoding to TS1/0 on input line 385.
Package textcomp Info: Setting qag sub-encoding to TS1/0 on input line 386.
Package textcomp Info: Setting qbk sub-encoding to TS1/0 on input line 387.
Package textcomp Info: Setting qcr sub-encoding to TS1/0 on input line 388.
Package textcomp Info: Setting qcs sub-encoding to TS1/0 on input line 389.
Package textcomp Info: Setting qpl sub-encoding to TS1/0 on input line 390.
Package textcomp Info: Setting qtm sub-encoding to TS1/0 on input line 391.
Package textcomp Info: Setting qzc sub-encoding to TS1/0 on input line 392.
Package textcomp Info: Setting qhvc sub-encoding to TS1/0 on input line 393.
Package textcomp Info: Setting futs sub-encoding to TS1/4 on input line 394.
Package textcomp Info: Setting futx sub-encoding to TS1/4 on input line 395.
Package textcomp Info: Setting futj sub-encoding to TS1/4 on input line 396.
Package textcomp Info: Setting hlh sub-encoding to TS1/3 on input line 397.
Package textcomp Info: Setting hls sub-encoding to TS1/3 on input line 398.
Package textcomp Info: Setting hlst sub-encoding to TS1/3 on input line 399.
Package textcomp Info: Setting hlct sub-encoding to TS1/5 on input line 400.
Package textcomp Info: Setting hlx sub-encoding to TS1/5 on input line 401.
Package textcomp Info: Setting hlce sub-encoding to TS1/5 on input line 402.
Package textcomp Info: Setting hlcn sub-encoding to TS1/5 on input line 403.
Package textcomp Info: Setting hlcw sub-encoding to TS1/5 on input line 404.
Package textcomp Info: Setting hlcf sub-encoding to TS1/5 on input line 405.
Package textcomp Info: Setting pplx sub-encoding to TS1/3 on input line 406.
Package textcomp Info: Setting pplj sub-encoding to TS1/3 on input line 407.
Package textcomp Info: Setting ptmx sub-encoding to TS1/4 on input line 408.
Package textcomp Info: Setting ptmj sub-encoding to TS1/4 on input line 409.
)
(/usr/local/texlive/2018/texmf-dist/tex/latex/graphics/graphicx.sty
Package: graphicx 2017/06/01 v1.1a Enhanced LaTeX Graphics (DPC,SPQR)

(/usr/local/texlive/2018/texmf-dist/tex/latex/graphics/keyval.sty
Package: keyval 2014/10/28 v1.15 key=value parser (DPC)
\KV@toks@=\toks16
)
(/usr/local/texlive/2018/texmf-dist/tex/latex/graphics/graphics.sty
Package: graphics 2017/06/25 v1.2c Standard LaTeX Graphics (DPC,SPQR)

(/usr/local/texlive/2018/texmf-dist/tex/latex/graphics/trig.sty
Package: trig 2016/01/03 v1.10 sin cos tan (DPC)
)
(/usr/local/texlive/2018/texmf-dist/tex/latex/graphics-cfg/graphics.cfg
File: graphics.cfg 2016/06/04 v1.11 sample graphics configuration
)
Package graphics Info: Driver file: pdftex.def on input line 99.

(/usr/local/texlive/2018/texmf-dist/tex/latex/graphics-def/pdftex.def
File: pdftex.def 2018/01/08 v1.0l Graphics/color driver for pdftex
))
\Gin@req@height=\dimen103
\Gin@req@width=\dimen104
)
(/usr/local/texlive/2018/texmf-dist/tex/latex/booktabs/booktabs.sty
Package: booktabs 2016/04/27 v1.618033 publication quality tables
\heavyrulewidth=\dimen105
\lightrulewidth=\dimen106
\cmidrulewidth=\dimen107
\belowrulesep=\dimen108
\belowbottomsep=\dimen109
\aboverulesep=\dimen110
\abovetopsep=\dimen111
\cmidrulesep=\dimen112
\cmidrulekern=\dimen113
\defaultaddspace=\dimen114
\@cmidla=\count89
\@cmidlb=\count90
\@aboverulesep=\dimen115
\@belowrulesep=\dimen116
\@thisruleclass=\count91
\@lastruleclass=\count92
\@thisrulewidth=\dimen117
)
(/usr/local/texlive/2018/texmf-dist/tex/latex/graphics/color.sty
Package: color 2016/07/10 v1.1e Standard LaTeX Color (DPC)

(/usr/local/texlive/2018/texmf-dist/tex/latex/graphics-cfg/color.cfg
File: color.cfg 2016/01/02 v1.6 sample color configuration
)
Package color Info: Driver file: pdftex.def on input line 147.
)
(/usr/local/texlive/2018/texmf-dist/tex/latex/tools/verbatim.sty
Package: verbatim 2014/10/28 v1.5q LaTeX2e package for verbatim enhancements
\every@verbatim=\toks17
\verbatim@line=\toks18
\verbatim@in@stream=\read1
)
(/usr/local/texlive/2018/texmf-dist/tex/latex/listings/listings.sty
\lst@mode=\count93
\lst@gtempboxa=\box28
\lst@token=\toks19
\lst@length=\count94
\lst@currlwidth=\dimen118
\lst@column=\count95
\lst@pos=\count96
\lst@lostspace=\dimen119
\lst@width=\dimen120
\lst@newlines=\count97
\lst@lineno=\count98
\lst@maxwidth=\dimen121

(/usr/local/texlive/2018/texmf-dist/tex/latex/listings/lstmisc.sty
File: lstmisc.sty 2015/06/04 1.6 (Carsten Heinz)
\c@lstnumber=\count99
\lst@skipnumbers=\count100
\lst@framebox=\box29
)
(/usr/local/texlive/2018/texmf-dist/tex/latex/listings/listings.cfg
File: listings.cfg 2015/06/04 1.6 listings configuration
))
Package: listings 2015/06/04 1.6 (Carsten Heinz)

(/usr/local/texlive/2018/texmf-dist/tex/latex/underscore/underscore.sty
Package: underscore 2006/09/13
LaTeX Info: Redefining \_ on input line 42.
)
(/usr/local/texlive/2018/texmf-dist/tex/latex/amsmath/amsmath.sty
Package: amsmath 2017/09/02 v2.17a AMS math features
\@mathmargin=\skip43

For additional information on amsmath, use the `?' option.
(/usr/local/texlive/2018/texmf-dist/tex/latex/amsmath/amstext.sty
Package: amstext 2000/06/29 v2.01 AMS text

(/usr/local/texlive/2018/texmf-dist/tex/latex/amsmath/amsgen.sty
File: amsgen.sty 1999/11/30 v2.0 generic functions
\@emptytoks=\toks20
\ex@=\dimen122
))
(/usr/local/texlive/2018/texmf-dist/tex/latex/amsmath/amsbsy.sty
Package: amsbsy 1999/11/29 v1.2d Bold Symbols
\pmbraise@=\dimen123
)
(/usr/local/texlive/2018/texmf-dist/tex/latex/amsmath/amsopn.sty
Package: amsopn 2016/03/08 v2.02 operator names
)
\inf@bad=\count101
LaTeX Info: Redefining \frac on input line 213.
\uproot@=\count102
\leftroot@=\count103
LaTeX Info: Redefining \overline on input line 375.
\classnum@=\count104
\DOTSCASE@=\count105
LaTeX Info: Redefining \ldots on input line 472.
LaTeX Info: Redefining \dots on input line 475.
LaTeX Info: Redefining \cdots on input line 596.
\Mathstrutbox@=\box30
\strutbox@=\box31
\big@size=\dimen124
LaTeX Font Info:    Redeclaring font encoding OML on input line 712.
LaTeX Font Info:    Redeclaring font encoding OMS on input line 713.
\macc@depth=\count106
\c@MaxMatrixCols=\count107
\dotsspace@=\muskip10
\c@parentequation=\count108
\dspbrk@lvl=\count109
\tag@help=\toks21
\row@=\count110
\column@=\count111
\maxfields@=\count112
\andhelp@=\toks22
\eqnshift@=\dimen125
\alignsep@=\dimen126
\tagshift@=\dimen127
\tagwidth@=\dimen128
\totwidth@=\dimen129
\lineht@=\dimen130
\@envbody=\toks23
\multlinegap=\skip44
\multlinetaggap=\skip45
\mathdisplay@stack=\toks24
LaTeX Info: Redefining \[ on input line 2817.
LaTeX Info: Redefining \] on input line 2818.
)
(/usr/local/texlive/2018/texmf-dist/tex/latex/amsfonts/amssymb.sty
Package: amssymb 2013/01/14 v3.01 AMS font symbols

(/usr/local/texlive/2018/texmf-dist/tex/latex/amsfonts/amsfonts.sty
Package: amsfonts 2013/01/14 v3.01 Basic AMSFonts support
\symAMSa=\mathgroup4
\symAMSb=\mathgroup5
LaTeX Font Info:    Overwriting math alphabet `\mathfrak' in version `bold'
(Font)                  U/euf/m/n --> U/euf/b/n on input line 106.
))
(/usr/local/texlive/2018/texmf-dist/tex/latex/base/flafter.sty
Package: flafter 2018/01/08 v1.4c Standard LaTeX floats after reference (FMi)
Applying: [2015/01/01] float order in 2-column on input line 49.
Already applied: [0000/00/00] float order in 2-column on input line 151.
)
(/usr/local/texlive/2018/texmf-dist/tex/latex/hyperref/hyperref.sty
Package: hyperref 2018/02/06 v6.86b Hypertext links for LaTeX

(/usr/local/texlive/2018/texmf-dist/tex/generic/oberdiek/hobsub-hyperref.sty
Package: hobsub-hyperref 2016/05/16 v1.14 Bundle oberdiek, subset hyperref (HO)


(/usr/local/texlive/2018/texmf-dist/tex/generic/oberdiek/hobsub-generic.sty
Package: hobsub-generic 2016/05/16 v1.14 Bundle oberdiek, subset generic (HO)
Package: hobsub 2016/05/16 v1.14 Construct package bundles (HO)
Package: infwarerr 2016/05/16 v1.4 Providing info/warning/error messages (HO)
Package: ltxcmds 2016/05/16 v1.23 LaTeX kernel commands for general use (HO)
Package: ifluatex 2016/05/16 v1.4 Provides the ifluatex switch (HO)
Package ifluatex Info: LuaTeX not detected.
Package: ifvtex 2016/05/16 v1.6 Detect VTeX and its facilities (HO)
Package ifvtex Info: VTeX not detected.
Package: intcalc 2016/05/16 v1.2 Expandable calculations with integers (HO)
Package: ifpdf 2017/03/15 v3.2 Provides the ifpdf switch
Package: etexcmds 2016/05/16 v1.6 Avoid name clashes with e-TeX commands (HO)
Package etexcmds Info: Could not find \expanded.
(etexcmds)             That can mean that you are not using pdfTeX 1.50 or
(etexcmds)             that some package has redefined \expanded.
(etexcmds)             In the latter case, load this package earlier.
Package: kvsetkeys 2016/05/16 v1.17 Key value parser (HO)
Package: kvdefinekeys 2016/05/16 v1.4 Define keys (HO)
Package: pdftexcmds 2018/01/30 v0.27 Utility functions of pdfTeX for LuaTeX (HO
)
Package pdftexcmds Info: LuaTeX not detected.
Package pdftexcmds Info: \pdf@primitive is available.
Package pdftexcmds Info: \pdf@ifprimitive is available.
Package pdftexcmds Info: \pdfdraftmode found.
Package: pdfescape 2016/05/16 v1.14 Implements pdfTeX's escape features (HO)
Package: bigintcalc 2016/05/16 v1.4 Expandable calculations on big integers (HO
)
Package: bitset 2016/05/16 v1.2 Handle bit-vector datatype (HO)
Package: uniquecounter 2016/05/16 v1.3 Provide unlimited unique counter (HO)
)
Package hobsub Info: Skipping package `hobsub' (already loaded).
Package: letltxmacro 2016/05/16 v1.5 Let assignment for LaTeX macros (HO)
Package: hopatch 2016/05/16 v1.3 Wrapper for package hooks (HO)
Package: xcolor-patch 2016/05/16 xcolor patch
Package: atveryend 2016/05/16 v1.9 Hooks at the very end of document (HO)
Package atveryend Info: \enddocument detected (standard20110627).
Package: atbegshi 2016/06/09 v1.18 At begin shipout hook (HO)
Package: refcount 2016/05/16 v3.5 Data extraction from label references (HO)
Package: hycolor 2016/05/16 v1.8 Color options for hyperref/bookmark (HO)
)
(/usr/local/texlive/2018/texmf-dist/tex/generic/ifxetex/ifxetex.sty
Package: ifxetex 2010/09/12 v0.6 Provides ifxetex conditional
)
(/usr/local/texlive/2018/texmf-dist/tex/latex/oberdiek/auxhook.sty
Package: auxhook 2016/05/16 v1.4 Hooks for auxiliary files (HO)
)
(/usr/local/texlive/2018/texmf-dist/tex/latex/oberdiek/kvoptions.sty
Package: kvoptions 2016/05/16 v3.12 Key value format for package options (HO)
)
\@linkdim=\dimen131
\Hy@linkcounter=\count113
\Hy@pagecounter=\count114

(/usr/local/texlive/2018/texmf-dist/tex/latex/hyperref/pd1enc.def
File: pd1enc.def 2018/02/06 v6.86b Hyperref: PDFDocEncoding definition (HO)
Now handling font encoding PD1 ...
... no UTF-8 mapping file for font encoding PD1
)
\Hy@SavedSpaceFactor=\count115

(/usr/local/texlive/2018/texmf-dist/tex/latex/latexconfig/hyperref.cfg
File: hyperref.cfg 2002/06/06 v1.2 hyperref configuration of TeXLive
)
Package hyperref Info: Option `bookmarks' set `true' on input line 4383.
Package hyperref Info: Hyper figures OFF on input line 4509.
Package hyperref Info: Link nesting OFF on input line 4514.
Package hyperref Info: Hyper index ON on input line 4517.
Package hyperref Info: Plain pages OFF on input line 4524.
Package hyperref Info: Backreferencing OFF on input line 4529.
Package hyperref Info: Implicit mode ON; LaTeX internals redefined.
Package hyperref Info: Bookmarks ON on input line 4762.
\c@Hy@tempcnt=\count116

(/usr/local/texlive/2018/texmf-dist/tex/latex/url/url.sty
\Urlmuskip=\muskip11
Package: url 2013/09/16  ver 3.4  Verb mode for urls, etc.
)
LaTeX Info: Redefining \url on input line 5115.
\XeTeXLinkMargin=\dimen132
\Fld@menulength=\count117
\Field@Width=\dimen133
\Fld@charsize=\dimen134
Package hyperref Info: Hyper figures OFF on input line 6369.
Package hyperref Info: Link nesting OFF on input line 6374.
Package hyperref Info: Hyper index ON on input line 6377.
Package hyperref Info: backreferencing OFF on input line 6384.
Package hyperref Info: Link coloring OFF on input line 6389.
Package hyperref Info: Link coloring with OCG OFF on input line 6394.
Package hyperref Info: PDF/A mode OFF on input line 6399.
LaTeX Info: Redefining \ref on input line 6439.
LaTeX Info: Redefining \pageref on input line 6443.
\Hy@abspage=\count118
\c@Item=\count119
\c@Hfootnote=\count120
)
Package hyperref Info: Driver (autodetected): hpdftex.

(/usr/local/texlive/2018/texmf-dist/tex/latex/hyperref/hpdftex.def
File: hpdftex.def 2018/02/06 v6.86b Hyperref driver for pdfTeX
\Fld@listcount=\count121
\c@bookmark@seq@number=\count122

(/usr/local/texlive/2018/texmf-dist/tex/latex/oberdiek/rerunfilecheck.sty
Package: rerunfilecheck 2016/05/16 v1.8 Rerun checks for auxiliary files (HO)
Package uniquecounter Info: New unique counter `rerunfilecheck' on input line 2
82.
)
\Hy@SectionHShift=\skip46
)
Package hyperref Info: Option `colorlinks' set `true' on input line 31.

(./documentazione.aux)
\openout1 = `documentazione.aux'.

LaTeX Font Info:    Checking defaults for OML/cmm/m/it on input line 32.
LaTeX Font Info:    ... okay on input line 32.
LaTeX Font Info:    Checking defaults for T1/cmr/m/n on input line 32.
LaTeX Font Info:    ... okay on input line 32.
LaTeX Font Info:    Checking defaults for OT1/cmr/m/n on input line 32.
LaTeX Font Info:    ... okay on input line 32.
LaTeX Font Info:    Checking defaults for OMS/cmsy/m/n on input line 32.
LaTeX Font Info:    ... okay on input line 32.
LaTeX Font Info:    Checking defaults for OMX/cmex/m/n on input line 32.
LaTeX Font Info:    ... okay on input line 32.
LaTeX Font Info:    Checking defaults for U/cmr/m/n on input line 32.
LaTeX Font Info:    ... okay on input line 32.
LaTeX Font Info:    Checking defaults for TS1/cmr/m/n on input line 32.
LaTeX Font Info:    Try loading font information for TS1+cmr on input line 32.

(/usr/local/texlive/2018/texmf-dist/tex/latex/base/ts1cmr.fd
File: ts1cmr.fd 2014/09/29 v2.5h Standard LaTeX font definitions
)
LaTeX Font Info:    ... okay on input line 32.
LaTeX Font Info:    Checking defaults for PD1/pdf/m/n on input line 32.
LaTeX Font Info:    ... okay on input line 32.

(/usr/local/texlive/2018/texmf-dist/tex/context/base/mkii/supp-pdf.mkii
[Loading MPS to PDF converter (version 2006.09.02).]
\scratchcounter=\count123
\scratchdimen=\dimen135
\scratchbox=\box32
\nofMPsegments=\count124
\nofMParguments=\count125
\everyMPshowfont=\toks25
\MPscratchCnt=\count126
\MPscratchDim=\dimen136
\MPnumerator=\count127
\makeMPintoPDFobject=\count128
\everyMPtoPDFconversion=\toks26
) (/usr/local/texlive/2018/texmf-dist/tex/latex/oberdiek/epstopdf-base.sty
Package: epstopdf-base 2016/05/15 v2.6 Base part for package epstopdf

(/usr/local/texlive/2018/texmf-dist/tex/latex/oberdiek/grfext.sty
Package: grfext 2016/05/16 v1.2 Manage graphics extensions (HO)
)
Package epstopdf-base Info: Redefining graphics rule for `.eps' on input line 4
38.
Package grfext Info: Graphics extension search list:
(grfext)             [.pdf,.png,.jpg,.mps,.jpeg,.jbig2,.jb2,.PDF,.PNG,.JPG,.JPE
G,.JBIG2,.JB2,.eps]
(grfext)             \AppendGraphicsExtensions on input line 456.

(/usr/local/texlive/2018/texmf-dist/tex/latex/latexconfig/epstopdf-sys.cfg
File: epstopdf-sys.cfg 2010/07/13 v1.3 Configuration of (r)epstopdf for TeX Liv
e
))
\c@lstlisting=\count129
\AtBeginShipoutBox=\box33
Package hyperref Info: Link coloring ON on input line 32.

(/usr/local/texlive/2018/texmf-dist/tex/latex/hyperref/nameref.sty
Package: nameref 2016/05/21 v2.44 Cross-referencing by name of section

(/usr/local/texlive/2018/texmf-dist/tex/generic/oberdiek/gettitlestring.sty
Package: gettitlestring 2016/05/16 v1.5 Cleanup title references (HO)
)
\c@section@level=\count130
)
LaTeX Info: Redefining \ref on input line 32.
LaTeX Info: Redefining \pageref on input line 32.
LaTeX Info: Redefining \nameref on input line 32.

(./documentazione.out) (./documentazione.out)
\@outlinefile=\write3
\openout3 = `documentazione.out'.

LaTeX Font Info:    Try loading font information for U+msa on input line 34.

(/usr/local/texlive/2018/texmf-dist/tex/latex/amsfonts/umsa.fd
File: umsa.fd 2013/01/14 v3.01 AMS symbols A
)
LaTeX Font Info:    Try loading font information for U+msb on input line 34.

(/usr/local/texlive/2018/texmf-dist/tex/latex/amsfonts/umsb.fd
File: umsb.fd 2013/01/14 v3.01 AMS symbols B
)
<logofeltrinelli.png, id=116, 1539.7525pt x 1888.05376pt>
File: logofeltrinelli.png Graphic file (type png)
<use logofeltrinelli.png>
Package pdftex.def Info: logofeltrinelli.png  used on input line 35.
(pdftex.def)             Requested size: 199.16928pt x 244.2168pt.
 [1

{/usr/local/texlive/2018/texmf-var/fonts/map/pdftex/updmap/pdftex.map} <./logof
eltrinelli.png>] (./documentazione.toc)
\tf@toc=\write4
\openout4 = `documentazione.toc'.

 [2

] [3

]

pdfTeX warning: pdflatex (file ./images/schemapng.pdf): PDF inclusion: found PD
F version <1.7>, but at most version <1.5> allowed
<images/schemapng.pdf, id=168, 611.07901pt x 595.56505pt>
File: images/schemapng.pdf Graphic file (type pdf)
<use images/schemapng.pdf>
Package pdftex.def Info: images/schemapng.pdf  used on input line 80.
(pdftex.def)             Requested size: 426.79134pt x 415.96574pt.

Overfull \hbox (81.79134pt too wide) in paragraph at lines 80--81
 [] 
 []

<images/users.pdf, id=169, 563.84308pt x 252.75699pt>
File: images/users.pdf Graphic file (type pdf)
<use images/users.pdf>
Package pdftex.def Info: images/users.pdf  used on input line 84.
(pdftex.def)             Requested size: 426.79134pt x 191.3298pt.

Overfull \hbox (81.79134pt too wide) in paragraph at lines 84--85
 [] 
 []

[4 <./images/schemapng.pdf>]
<images/club.pdf, id=175, 548.16826pt x 117.61472pt>
File: images/club.pdf Graphic file (type pdf)
<use images/club.pdf>
Package pdftex.def Info: images/club.pdf  used on input line 88.
(pdftex.def)             Requested size: 426.79134pt x 91.57219pt.

Overfull \hbox (81.79134pt too wide) in paragraph at lines 88--89
 [] 
 []

<images/rankingclub.pdf, id=176, 545.34839pt x 115.02855pt>
File: images/rankingclub.pdf Graphic file (type pdf)
<use images/rankingclub.pdf>
Package pdftex.def Info: images/rankingclub.pdf  used on input line 92.
(pdftex.def)             Requested size: 426.79134pt x 90.02203pt.

Overfull \hbox (81.79134pt too wide) in paragraph at lines 92--93
 [] 
 []

<images/userimages.pdf, id=177, 547.01195pt x 234.38887pt>
File: images/userimages.pdf Graphic file (type pdf)
<use images/userimages.pdf>
Package pdftex.def Info: images/userimages.pdf  used on input line 96.
(pdftex.def)             Requested size: 426.79134pt x 182.87622pt.

Overfull \hbox (81.79134pt too wide) in paragraph at lines 96--97
 [] 
 []

[5 <./images/users.pdf> <./images/club.pdf> <./images/rankingclub.pdf>]
<images/tournament.pdf, id=245, 546.96472pt x 202.59258pt>
File: images/tournament.pdf Graphic file (type pdf)
<use images/tournament.pdf>
Package pdftex.def Info: images/tournament.pdf  used on input line 100.
(pdftex.def)             Requested size: 426.79134pt x 158.08647pt.

Overfull \hbox (81.79134pt too wide) in paragraph at lines 100--101
 [] 
 []

<images/participant.pdf, id=246, 546.20383pt x 202.16238pt>
File: images/participant.pdf Graphic file (type pdf)
<use images/participant.pdf>
Package pdftex.def Info: images/participant.pdf  used on input line 104.
(pdftex.def)             Requested size: 426.79134pt x 157.96672pt.

Overfull \hbox (81.79134pt too wide) in paragraph at lines 104--105
 [] 
 []

[6 <./images/userimages.pdf> <./images/tournament.pdf>]
<images/friendship.pdf, id=294, 545.72394pt x 168.41891pt>
File: images/friendship.pdf Graphic file (type pdf)
<use images/friendship.pdf>
Package pdftex.def Info: images/friendship.pdf  used on input line 108.
(pdftex.def)             Requested size: 426.79134pt x 131.71313pt.

Overfull \hbox (81.79134pt too wide) in paragraph at lines 108--109
 [] 
 []

<images/friendrequest.pdf, id=295, 545.51257pt x 170.00533pt>
File: images/friendrequest.pdf Graphic file (type pdf)
<use images/friendrequest.pdf>
Package pdftex.def Info: images/friendrequest.pdf  used on input line 112.
(pdftex.def)             Requested size: 426.79134pt x 133.00829pt.

Overfull \hbox (81.79134pt too wide) in paragraph at lines 112--113
 [] 
 []

<images/clubmember.pdf, id=296, 546.24861pt x 138.1418pt>
File: images/clubmember.pdf Graphic file (type pdf)
<use images/clubmember.pdf>
Package pdftex.def Info: images/clubmember.pdf  used on input line 116.
(pdftex.def)             Requested size: 426.79134pt x 107.93565pt.

Overfull \hbox (81.79134pt too wide) in paragraph at lines 116--117
 [] 
 []

[7 <./images/participant.pdf> <./images/friendship.pdf> <./images/friendrequest
.pdf>]
<UX/tournament-usecase.pdf, id=365, 290.69443pt x 237.53633pt>
File: UX/tournament-usecase.pdf Graphic file (type pdf)
<use UX/tournament-usecase.pdf>
Package pdftex.def Info: UX/tournament-usecase.pdf  used on input line 127.
(pdftex.def)             Requested size: 512.1496pt x 418.50377pt.

Overfull \hbox (167.1496pt too wide) in paragraph at lines 126--128
 [] 
 []

[8 <./images/clubmember.pdf>]
<UX/profile-usecase.pdf, id=391, 325.37953pt x 250.57092pt>
File: UX/profile-usecase.pdf Graphic file (type pdf)
<use UX/profile-usecase.pdf>
Package pdftex.def Info: UX/profile-usecase.pdf  used on input line 131.
(pdftex.def)             Requested size: 512.1496pt x 394.40277pt.

Overfull \hbox (167.1496pt too wide) in paragraph at lines 131--132
 [] 
 []

[9 <./UX/tournament-usecase.pdf>]
<UX/club-usecase.pdf, id=437, 291.01093pt x 253.13461pt>
File: UX/club-usecase.pdf Graphic file (type pdf)
<use UX/club-usecase.pdf>
Package pdftex.def Info: UX/club-usecase.pdf  used on input line 135.
(pdftex.def)             Requested size: 512.1496pt x 445.5067pt.

Overfull \hbox (167.1496pt too wide) in paragraph at lines 135--136
 [] 
 []

[10 <./UX/profile-usecase.pdf>]
<UX/BadmintonUX.pdf, id=486, 593.77057pt x 561.4816pt>
File: UX/BadmintonUX.pdf Graphic file (type pdf)
<use UX/BadmintonUX.pdf>
Package pdftex.def Info: UX/BadmintonUX.pdf  used on input line 142.
(pdftex.def)             Requested size: 512.1496pt x 484.31267pt.

Overfull \hbox (167.1496pt too wide) in paragraph at lines 142--143
 [] 
 []

[11 <./UX/club-usecase.pdf>]
Underfull \hbox (badness 10000) in paragraph at lines 145--146

 []

[12 <./UX/BadmintonUX.pdf>]
<UX/signup.png, id=624, 1284.8pt x 803.0pt>
File: UX/signup.png Graphic file (type png)
<use UX/signup.png>
Package pdftex.def Info: UX/signup.png  used on input line 147.
(pdftex.def)             Requested size: 455.24408pt x 284.52174pt.

Overfull \hbox (110.24408pt too wide) in paragraph at lines 147--148
 [] 
 []


Underfull \hbox (badness 10000) in paragraph at lines 150--151

 []

<UX/login.png, id=625, 1284.8pt x 803.0pt>
File: UX/login.png Graphic file (type png)
<use UX/login.png>
Package pdftex.def Info: UX/login.png  used on input line 152.
(pdftex.def)             Requested size: 455.24408pt x 284.52174pt.

Overfull \hbox (110.24408pt too wide) in paragraph at lines 152--153
 [] 
 []

[13 <./UX/signup.png>]
<UX/hometop.png, id=632, 1284.8pt x 803.0pt>
File: UX/hometop.png Graphic file (type png)
<use UX/hometop.png>
Package pdftex.def Info: UX/hometop.png  used on input line 164.
(pdftex.def)             Requested size: 455.24408pt x 284.52174pt.

Overfull \hbox (110.24408pt too wide) in paragraph at lines 164--165
 [] 
 []

[14 <./UX/login.png>]
<UX/homebot.png, id=638, 1284.8pt x 803.0pt>
File: UX/homebot.png Graphic file (type png)
<use UX/homebot.png>
Package pdftex.def Info: UX/homebot.png  used on input line 167.
(pdftex.def)             Requested size: 455.24408pt x 284.52174pt.

Overfull \hbox (110.24408pt too wide) in paragraph at lines 167--168
 [] 
 []

[15 <./UX/hometop.png>]
<UX/navbar.png, id=644, 2564.58125pt x 379.4175pt>
File: UX/navbar.png Graphic file (type png)
<use UX/navbar.png>
Package pdftex.def Info: UX/navbar.png  used on input line 172.
(pdftex.def)             Requested size: 455.24408pt x 67.34851pt.

Overfull \hbox (110.24408pt too wide) in paragraph at lines 172--173
 [] 
 []

[16 <./UX/homebot.png> <./UX/navbar.png>]
<UX/mypnuovo.png, id=651, 1284.8pt x 803.0pt>
File: UX/mypnuovo.png Graphic file (type png)
<use UX/mypnuovo.png>
Package pdftex.def Info: UX/mypnuovo.png  used on input line 183.
(pdftex.def)             Requested size: 455.24408pt x 284.52174pt.

Overfull \hbox (110.24408pt too wide) in paragraph at lines 183--184
 [] 
 []

<UX/myp.png, id=652, 1284.8pt x 803.0pt>
File: UX/myp.png Graphic file (type png)
<use UX/myp.png>
Package pdftex.def Info: UX/myp.png  used on input line 187.
(pdftex.def)             Requested size: 455.24408pt x 284.52174pt.

Overfull \hbox (110.24408pt too wide) in paragraph at lines 187--188
 [] 
 []

[17 <./UX/mypnuovo.png>]
<UX/mypskills.png, id=658, 1284.8pt x 803.0pt>
File: UX/mypskills.png Graphic file (type png)
<use UX/mypskills.png>
Package pdftex.def Info: UX/mypskills.png  used on input line 196.
(pdftex.def)             Requested size: 455.24408pt x 284.52174pt.

Overfull \hbox (110.24408pt too wide) in paragraph at lines 196--197
 [] 
 []

[18 <./UX/myp.png>]
<UX/myptour.png, id=664, 1284.8pt x 803.0pt>
File: UX/myptour.png Graphic file (type png)
<use UX/myptour.png>
Package pdftex.def Info: UX/myptour.png  used on input line 200.
(pdftex.def)             Requested size: 455.24408pt x 284.52174pt.

Overfull \hbox (110.24408pt too wide) in paragraph at lines 200--201
 [] 
 []

[19 <./UX/mypskills.png>]
<UX/mypfriendsl.png, id=671, 1284.8pt x 803.0pt>
File: UX/mypfriendsl.png Graphic file (type png)
<use UX/mypfriendsl.png>
Package pdftex.def Info: UX/mypfriendsl.png  used on input line 204.
(pdftex.def)             Requested size: 455.24408pt x 284.52174pt.

Overfull \hbox (110.24408pt too wide) in paragraph at lines 204--205
 [] 
 []

[20 <./UX/myptour.png>]
Package atveryend Info: Empty hook `BeforeClearDocument' on input line 219.
 [21 <./UX/mypfriendsl.png>]
Package atveryend Info: Empty hook `AfterLastShipout' on input line 219.
 (./documentazione.aux)
Package atveryend Info: Executing hook `AtVeryEndDocument' on input line 219.
Package atveryend Info: Executing hook `AtEndAfterFileList' on input line 219.
Package rerunfilecheck Info: File `documentazione.out' has not changed.
(rerunfilecheck)             Checksum: 227D18CEEF13A98536475538E4839048;1709.
Package atveryend Info: Empty hook `AtVeryVeryEnd' on input line 219.
 ) 
Here is how much of TeX's memory you used:
 8097 strings out of 492649
 117969 string characters out of 6129622
 205385 words of memory out of 5000000
 11805 multiletter control sequences out of 15000+600000
 12145 words of font info for 47 fonts, out of 8000000 for 9000
 1141 hyphenation exceptions out of 8191
 28i,6n,32p,379b,392s stack positions out of 5000i,500n,10000p,200000b,80000s
{/usr/local/texlive/2018/texmf-dist/fonts/enc/dvips/cm-super/cm-super-ts1.enc
}</usr/local/texlive/2018/texmf-dist/fonts/type1/public/amsfonts/cm/cmbx10.pfb>
</usr/local/texlive/2018/texmf-dist/fonts/type1/public/amsfonts/cm/cmbx12.pfb><
/usr/local/texlive/2018/texmf-dist/fonts/type1/public/amsfonts/cm/cmr10.pfb></u
sr/local/texlive/2018/texmf-dist/fonts/type1/public/amsfonts/cm/cmr12.pfb></usr
/local/texlive/2018/texmf-dist/fonts/type1/public/amsfonts/cm/cmr17.pfb></usr/l
ocal/texlive/2018/texmf-dist/fonts/type1/public/cm-super/sfrm1000.pfb>
Output written on documentazione.pdf (21 pages, 25413223 bytes).
PDF statistics:
 720 PDF objects out of 1000 (max. 8388607)
 557 compressed objects within 6 object streams
 51 named destinations out of 1000 (max. 500000)
 350 words of extra memory for PDF output out of 10000 (max. 10000000)

